<?xml version="1.0" encoding="UTF-8"?>
<!-- Generated by org.testng.reporters.JUnitXMLReporter -->
<testsuite ignored="0" hostname="Shiv" failures="0" tests="8" name="Test" time="66.483" errors="0" timestamp="2023-05-05T18:23:12 IST">
  <testcase classname="testCases.TC_001_AccountRegistration" name="test_account_Registration" time="3.338"/>
  <testcase classname="testCases.TC_002_LoginTest" name="test_login" time="0.821"/>
  <testcase classname="testCases.TC_003_LoginDDT" name="test_LoginDDT" time="10.631"/>
  <testcase classname="testCases.TC_003_LoginDDT" name="test_LoginDDT" time="10.491"/>
  <testcase classname="testCases.TC_003_LoginDDT" name="test_LoginDDT" time="10.522"/>
  <testcase classname="testCases.TC_003_LoginDDT" name="test_LoginDDT" time="10.527"/>
  <testcase classname="testCases.TC_003_LoginDDT" name="test_LoginDDT" time="10.533"/>
  <testcase classname="testCases.TC_003_LoginDDT" name="test_LoginDDT" time="0.749"/>
</testsuite> <!-- Test -->
