<?xml version="1.0" encoding="UTF-8"?>
<!-- Generated by org.testng.reporters.JUnitXMLReporter -->
<testsuite ignored="0" hostname="Shiv" failures="0" tests="8" name="Test" time="64.773" errors="0" timestamp="2023-05-04T23:32:14 IST">
  <testcase classname="testCases.TC_001_AccountRegistration" name="test_account_Registration" time="3.043"/>
  <testcase classname="testCases.TC_002_LoginTest" name="test_login" time="0.805"/>
  <testcase classname="testCases.TC_003_LoginDDT" name="test_LoginDDT" time="10.66"/>
  <testcase classname="testCases.TC_003_LoginDDT" name="test_LoginDDT" time="10.493"/>
  <testcase classname="testCases.TC_003_LoginDDT" name="test_LoginDDT" time="10.571"/>
  <testcase classname="testCases.TC_003_LoginDDT" name="test_LoginDDT" time="10.491"/>
  <testcase classname="testCases.TC_003_LoginDDT" name="test_LoginDDT" time="10.478"/>
  <testcase classname="testCases.TC_003_LoginDDT" name="test_LoginDDT" time="0.935"/>
</testsuite> <!-- Test -->
