<?xml version="1.0" encoding="UTF-8"?>
<!-- Generated by org.testng.reporters.JUnitXMLReporter -->
<testsuite ignored="0" hostname="Shiv" failures="0" tests="8" name="Test" time="64.425" errors="0" timestamp="2023-05-05T19:17:54 IST">
  <testcase classname="testCases.TC_001_AccountRegistration" name="test_account_Registration" time="3.092"/>
  <testcase classname="testCases.TC_002_LoginTest" name="test_login" time="0.684"/>
  <testcase classname="testCases.TC_003_LoginDDT" name="test_LoginDDT" time="10.588"/>
  <testcase classname="testCases.TC_003_LoginDDT" name="test_LoginDDT" time="10.511"/>
  <testcase classname="testCases.TC_003_LoginDDT" name="test_LoginDDT" time="10.646"/>
  <testcase classname="testCases.TC_003_LoginDDT" name="test_LoginDDT" time="10.414"/>
  <testcase classname="testCases.TC_003_LoginDDT" name="test_LoginDDT" time="10.513"/>
  <testcase classname="testCases.TC_003_LoginDDT" name="test_LoginDDT" time="0.712"/>
</testsuite> <!-- Test -->
