<?xml version="1.0" encoding="UTF-8"?>
<testng-results ignored="0" total="8" passed="8" failed="0" skipped="0">
  <reporter-output>
  </reporter-output>
  <suite started-at="2023-05-06T16:12:15 IST" name="Suite" finished-at="2023-05-06T16:13:20 IST" duration-ms="64999">
    <groups>
      <group name="Sanity">
        <method signature="TC_001_AccountRegistration.test_account_Registration()[pri:0, instance:testCases.TC_001_AccountRegistration@576d5deb]" name="test_account_Registration" class="testCases.TC_001_AccountRegistration"/>
        <method signature="TC_002_LoginTest.test_login()[pri:0, instance:testCases.TC_002_LoginTest@6221a451]" name="test_login" class="testCases.TC_002_LoginTest"/>
      </group> <!-- Sanity -->
      <group name="Regression">
        <method signature="TC_001_AccountRegistration.test_account_Registration()[pri:0, instance:testCases.TC_001_AccountRegistration@576d5deb]" name="test_account_Registration" class="testCases.TC_001_AccountRegistration"/>
        <method signature="TC_003_LoginDDT.test_LoginDDT(java.lang.String,java.lang.String,java.lang.String)[pri:0, instance:testCases.TC_003_LoginDDT@52719fb6]" name="test_LoginDDT" class="testCases.TC_003_LoginDDT"/>
      </group> <!-- Regression -->
    </groups>
    <test started-at="2023-05-06T16:12:15 IST" name="Test" finished-at="2023-05-06T16:13:20 IST" duration-ms="64999">
      <class name="testCases.TC_002_LoginTest">
        <test-method is-config="true" signature="setup(java.lang.String)[pri:0, instance:testCases.TC_002_LoginTest@6221a451]" started-at="2023-05-06T16:12:21 IST" name="setup" finished-at="2023-05-06T16:12:23 IST" duration-ms="1776" status="PASS">
          <params>
            <param index="0">
              <value>
                <![CDATA[chrome]]>
              </value>
            </param>
          </params>
          <reporter-output>
          </reporter-output>
        </test-method> <!-- setup -->
        <test-method signature="test_login()[pri:0, instance:testCases.TC_002_LoginTest@6221a451]" started-at="2023-05-06T16:12:23 IST" name="test_login" finished-at="2023-05-06T16:12:23 IST" duration-ms="648" status="PASS">
          <reporter-output>
          </reporter-output>
        </test-method> <!-- test_login -->
        <test-method is-config="true" signature="tearDown()[pri:0, instance:testCases.TC_002_LoginTest@6221a451]" started-at="2023-05-06T16:12:23 IST" name="tearDown" finished-at="2023-05-06T16:12:23 IST" duration-ms="103" status="PASS">
          <reporter-output>
          </reporter-output>
        </test-method> <!-- tearDown -->
      </class> <!-- testCases.TC_002_LoginTest -->
      <class name="testCases.TC_001_AccountRegistration">
        <test-method is-config="true" signature="setup(java.lang.String)[pri:0, instance:testCases.TC_001_AccountRegistration@576d5deb]" started-at="2023-05-06T16:12:15 IST" name="setup" finished-at="2023-05-06T16:12:18 IST" duration-ms="2536" status="PASS">
          <params>
            <param index="0">
              <value>
                <![CDATA[chrome]]>
              </value>
            </param>
          </params>
          <reporter-output>
          </reporter-output>
        </test-method> <!-- setup -->
        <test-method signature="test_account_Registration()[pri:0, instance:testCases.TC_001_AccountRegistration@576d5deb]" started-at="2023-05-06T16:12:18 IST" name="test_account_Registration" finished-at="2023-05-06T16:12:21 IST" duration-ms="3140" status="PASS">
          <reporter-output>
          </reporter-output>
        </test-method> <!-- test_account_Registration -->
        <test-method is-config="true" signature="tearDown()[pri:0, instance:testCases.TC_001_AccountRegistration@576d5deb]" started-at="2023-05-06T16:12:21 IST" name="tearDown" finished-at="2023-05-06T16:12:21 IST" duration-ms="99" status="PASS">
          <reporter-output>
          </reporter-output>
        </test-method> <!-- tearDown -->
      </class> <!-- testCases.TC_001_AccountRegistration -->
      <class name="testCases.TC_003_LoginDDT">
        <test-method is-config="true" signature="setup(java.lang.String)[pri:0, instance:testCases.TC_003_LoginDDT@52719fb6]" started-at="2023-05-06T16:12:23 IST" name="setup" finished-at="2023-05-06T16:12:25 IST" duration-ms="1836" status="PASS">
          <params>
            <param index="0">
              <value>
                <![CDATA[chrome]]>
              </value>
            </param>
          </params>
          <reporter-output>
          </reporter-output>
        </test-method> <!-- setup -->
        <test-method signature="test_LoginDDT(java.lang.String,java.lang.String,java.lang.String)[pri:0, instance:testCases.TC_003_LoginDDT@52719fb6]" started-at="2023-05-06T16:12:26 IST" name="test_LoginDDT" data-provider="LoginData" finished-at="2023-05-06T16:12:37 IST" duration-ms="10621" status="PASS">
          <params>
            <param index="0">
              <value>
                <![CDATA[kshiv1105@gmail.com]]>
              </value>
            </param>
            <param index="1">
              <value>
                <![CDATA[Shiva@444]]>
              </value>
            </param>
            <param index="2">
              <value>
                <![CDATA[Invalid]]>
              </value>
            </param>
          </params>
          <reporter-output>
          </reporter-output>
        </test-method> <!-- test_LoginDDT -->
        <test-method signature="test_LoginDDT(java.lang.String,java.lang.String,java.lang.String)[pri:0, instance:testCases.TC_003_LoginDDT@52719fb6]" started-at="2023-05-06T16:12:37 IST" name="test_LoginDDT" data-provider="LoginData" finished-at="2023-05-06T16:12:47 IST" duration-ms="10503" status="PASS">
          <params>
            <param index="0">
              <value>
                <![CDATA[testdata1@gmail.com]]>
              </value>
            </param>
            <param index="1">
              <value>
                <![CDATA[lgjdlg]]>
              </value>
            </param>
            <param index="2">
              <value>
                <![CDATA[Invalid]]>
              </value>
            </param>
          </params>
          <reporter-output>
          </reporter-output>
        </test-method> <!-- test_LoginDDT -->
        <test-method signature="test_LoginDDT(java.lang.String,java.lang.String,java.lang.String)[pri:0, instance:testCases.TC_003_LoginDDT@52719fb6]" started-at="2023-05-06T16:12:47 IST" name="test_LoginDDT" data-provider="LoginData" finished-at="2023-05-06T16:12:58 IST" duration-ms="10559" status="PASS">
          <params>
            <param index="0">
              <value>
                <![CDATA[testdata2@gmail.com]]>
              </value>
            </param>
            <param index="1">
              <value>
                <![CDATA[dfkjdf]]>
              </value>
            </param>
            <param index="2">
              <value>
                <![CDATA[Invalid]]>
              </value>
            </param>
          </params>
          <reporter-output>
          </reporter-output>
        </test-method> <!-- test_LoginDDT -->
        <test-method signature="test_LoginDDT(java.lang.String,java.lang.String,java.lang.String)[pri:0, instance:testCases.TC_003_LoginDDT@52719fb6]" started-at="2023-05-06T16:12:58 IST" name="test_LoginDDT" data-provider="LoginData" finished-at="2023-05-06T16:13:08 IST" duration-ms="10563" status="PASS">
          <params>
            <param index="0">
              <value>
                <![CDATA[8437583]]>
              </value>
            </param>
            <param index="1">
              <value>
                <![CDATA[45435]]>
              </value>
            </param>
            <param index="2">
              <value>
                <![CDATA[Invalid]]>
              </value>
            </param>
          </params>
          <reporter-output>
          </reporter-output>
        </test-method> <!-- test_LoginDDT -->
        <test-method signature="test_LoginDDT(java.lang.String,java.lang.String,java.lang.String)[pri:0, instance:testCases.TC_003_LoginDDT@52719fb6]" started-at="2023-05-06T16:13:08 IST" name="test_LoginDDT" data-provider="LoginData" finished-at="2023-05-06T16:13:19 IST" duration-ms="10498" status="PASS">
          <params>
            <param index="0">
              <value>
                <![CDATA[@@@@@]]>
              </value>
            </param>
            <param index="1">
              <value>
                <![CDATA[               .]]>
              </value>
            </param>
            <param index="2">
              <value>
                <![CDATA[Invalid]]>
              </value>
            </param>
          </params>
          <reporter-output>
          </reporter-output>
        </test-method> <!-- test_LoginDDT -->
        <test-method signature="test_LoginDDT(java.lang.String,java.lang.String,java.lang.String)[pri:0, instance:testCases.TC_003_LoginDDT@52719fb6]" started-at="2023-05-06T16:13:19 IST" name="test_LoginDDT" data-provider="LoginData" finished-at="2023-05-06T16:13:20 IST" duration-ms="935" status="PASS">
          <params>
            <param index="0">
              <value>
                <![CDATA[kshiv1105@gmail.com]]>
              </value>
            </param>
            <param index="1">
              <value>
                <![CDATA[Test@123]]>
              </value>
            </param>
            <param index="2">
              <value>
                <![CDATA[Valid]]>
              </value>
            </param>
          </params>
          <reporter-output>
          </reporter-output>
        </test-method> <!-- test_LoginDDT -->
        <test-method is-config="true" signature="tearDown()[pri:0, instance:testCases.TC_003_LoginDDT@52719fb6]" started-at="2023-05-06T16:13:20 IST" name="tearDown" finished-at="2023-05-06T16:13:20 IST" duration-ms="138" status="PASS">
          <reporter-output>
          </reporter-output>
        </test-method> <!-- tearDown -->
      </class> <!-- testCases.TC_003_LoginDDT -->
    </test> <!-- Test -->
  </suite> <!-- Suite -->
</testng-results>
