<?xml version="1.0" encoding="UTF-8"?>
<testng-results ignored="0" total="8" passed="8" failed="0" skipped="0">
  <reporter-output>
  </reporter-output>
  <suite started-at="2023-05-06T16:47:32 IST" name="Suite" finished-at="2023-05-06T16:48:37 IST" duration-ms="65028">
    <groups>
      <group name="Sanity">
        <method signature="TC_001_AccountRegistration.test_account_Registration()[pri:0, instance:testCases.TC_001_AccountRegistration@71809907]" name="test_account_Registration" class="testCases.TC_001_AccountRegistration"/>
        <method signature="TC_002_LoginTest.test_login()[pri:0, instance:testCases.TC_002_LoginTest@5af3afd9]" name="test_login" class="testCases.TC_002_LoginTest"/>
      </group> <!-- Sanity -->
      <group name="Regression">
        <method signature="TC_001_AccountRegistration.test_account_Registration()[pri:0, instance:testCases.TC_001_AccountRegistration@71809907]" name="test_account_Registration" class="testCases.TC_001_AccountRegistration"/>
        <method signature="TC_003_LoginDDT.test_LoginDDT(java.lang.String,java.lang.String,java.lang.String)[pri:0, instance:testCases.TC_003_LoginDDT@323b36e0]" name="test_LoginDDT" class="testCases.TC_003_LoginDDT"/>
      </group> <!-- Regression -->
    </groups>
    <test started-at="2023-05-06T16:47:32 IST" name="Test" finished-at="2023-05-06T16:48:37 IST" duration-ms="65028">
      <class name="testCases.TC_002_LoginTest">
        <test-method is-config="true" signature="setup(java.lang.String)[pri:0, instance:testCases.TC_002_LoginTest@5af3afd9]" started-at="2023-05-06T16:47:39 IST" name="setup" finished-at="2023-05-06T16:47:40 IST" duration-ms="1574" status="PASS">
          <params>
            <param index="0">
              <value>
                <![CDATA[chrome]]>
              </value>
            </param>
          </params>
          <reporter-output>
          </reporter-output>
        </test-method> <!-- setup -->
        <test-method signature="test_login()[pri:0, instance:testCases.TC_002_LoginTest@5af3afd9]" started-at="2023-05-06T16:47:40 IST" name="test_login" finished-at="2023-05-06T16:47:41 IST" duration-ms="799" status="PASS">
          <reporter-output>
          </reporter-output>
        </test-method> <!-- test_login -->
        <test-method is-config="true" signature="tearDown()[pri:0, instance:testCases.TC_002_LoginTest@5af3afd9]" started-at="2023-05-06T16:47:41 IST" name="tearDown" finished-at="2023-05-06T16:47:41 IST" duration-ms="109" status="PASS">
          <reporter-output>
          </reporter-output>
        </test-method> <!-- tearDown -->
      </class> <!-- testCases.TC_002_LoginTest -->
      <class name="testCases.TC_001_AccountRegistration">
        <test-method is-config="true" signature="setup(java.lang.String)[pri:0, instance:testCases.TC_001_AccountRegistration@71809907]" started-at="2023-05-06T16:47:32 IST" name="setup" finished-at="2023-05-06T16:47:35 IST" duration-ms="2943" status="PASS">
          <params>
            <param index="0">
              <value>
                <![CDATA[chrome]]>
              </value>
            </param>
          </params>
          <reporter-output>
          </reporter-output>
        </test-method> <!-- setup -->
        <test-method signature="test_account_Registration()[pri:0, instance:testCases.TC_001_AccountRegistration@71809907]" started-at="2023-05-06T16:47:35 IST" name="test_account_Registration" finished-at="2023-05-06T16:47:39 IST" duration-ms="3332" status="PASS">
          <reporter-output>
          </reporter-output>
        </test-method> <!-- test_account_Registration -->
        <test-method is-config="true" signature="tearDown()[pri:0, instance:testCases.TC_001_AccountRegistration@71809907]" started-at="2023-05-06T16:47:39 IST" name="tearDown" finished-at="2023-05-06T16:47:39 IST" duration-ms="102" status="PASS">
          <reporter-output>
          </reporter-output>
        </test-method> <!-- tearDown -->
      </class> <!-- testCases.TC_001_AccountRegistration -->
      <class name="testCases.TC_003_LoginDDT">
        <test-method is-config="true" signature="setup(java.lang.String)[pri:0, instance:testCases.TC_003_LoginDDT@323b36e0]" started-at="2023-05-06T16:47:41 IST" name="setup" finished-at="2023-05-06T16:47:43 IST" duration-ms="1502" status="PASS">
          <params>
            <param index="0">
              <value>
                <![CDATA[chrome]]>
              </value>
            </param>
          </params>
          <reporter-output>
          </reporter-output>
        </test-method> <!-- setup -->
        <test-method signature="test_LoginDDT(java.lang.String,java.lang.String,java.lang.String)[pri:0, instance:testCases.TC_003_LoginDDT@323b36e0]" started-at="2023-05-06T16:47:44 IST" name="test_LoginDDT" data-provider="LoginData" finished-at="2023-05-06T16:47:54 IST" duration-ms="10661" status="PASS">
          <params>
            <param index="0">
              <value>
                <![CDATA[kshiv1105@gmail.com]]>
              </value>
            </param>
            <param index="1">
              <value>
                <![CDATA[Shiva@444]]>
              </value>
            </param>
            <param index="2">
              <value>
                <![CDATA[Invalid]]>
              </value>
            </param>
          </params>
          <reporter-output>
          </reporter-output>
        </test-method> <!-- test_LoginDDT -->
        <test-method signature="test_LoginDDT(java.lang.String,java.lang.String,java.lang.String)[pri:0, instance:testCases.TC_003_LoginDDT@323b36e0]" started-at="2023-05-06T16:47:54 IST" name="test_LoginDDT" data-provider="LoginData" finished-at="2023-05-06T16:48:05 IST" duration-ms="10487" status="PASS">
          <params>
            <param index="0">
              <value>
                <![CDATA[testdata1@gmail.com]]>
              </value>
            </param>
            <param index="1">
              <value>
                <![CDATA[lgjdlg]]>
              </value>
            </param>
            <param index="2">
              <value>
                <![CDATA[Invalid]]>
              </value>
            </param>
          </params>
          <reporter-output>
          </reporter-output>
        </test-method> <!-- test_LoginDDT -->
        <test-method signature="test_LoginDDT(java.lang.String,java.lang.String,java.lang.String)[pri:0, instance:testCases.TC_003_LoginDDT@323b36e0]" started-at="2023-05-06T16:48:05 IST" name="test_LoginDDT" data-provider="LoginData" finished-at="2023-05-06T16:48:15 IST" duration-ms="10556" status="PASS">
          <params>
            <param index="0">
              <value>
                <![CDATA[testdata2@gmail.com]]>
              </value>
            </param>
            <param index="1">
              <value>
                <![CDATA[dfkjdf]]>
              </value>
            </param>
            <param index="2">
              <value>
                <![CDATA[Invalid]]>
              </value>
            </param>
          </params>
          <reporter-output>
          </reporter-output>
        </test-method> <!-- test_LoginDDT -->
        <test-method signature="test_LoginDDT(java.lang.String,java.lang.String,java.lang.String)[pri:0, instance:testCases.TC_003_LoginDDT@323b36e0]" started-at="2023-05-06T16:48:15 IST" name="test_LoginDDT" data-provider="LoginData" finished-at="2023-05-06T16:48:26 IST" duration-ms="10572" status="PASS">
          <params>
            <param index="0">
              <value>
                <![CDATA[8437583]]>
              </value>
            </param>
            <param index="1">
              <value>
                <![CDATA[45435]]>
              </value>
            </param>
            <param index="2">
              <value>
                <![CDATA[Invalid]]>
              </value>
            </param>
          </params>
          <reporter-output>
          </reporter-output>
        </test-method> <!-- test_LoginDDT -->
        <test-method signature="test_LoginDDT(java.lang.String,java.lang.String,java.lang.String)[pri:0, instance:testCases.TC_003_LoginDDT@323b36e0]" started-at="2023-05-06T16:48:26 IST" name="test_LoginDDT" data-provider="LoginData" finished-at="2023-05-06T16:48:36 IST" duration-ms="10542" status="PASS">
          <params>
            <param index="0">
              <value>
                <![CDATA[@@@@@]]>
              </value>
            </param>
            <param index="1">
              <value>
                <![CDATA[               .]]>
              </value>
            </param>
            <param index="2">
              <value>
                <![CDATA[Invalid]]>
              </value>
            </param>
          </params>
          <reporter-output>
          </reporter-output>
        </test-method> <!-- test_LoginDDT -->
        <test-method signature="test_LoginDDT(java.lang.String,java.lang.String,java.lang.String)[pri:0, instance:testCases.TC_003_LoginDDT@323b36e0]" started-at="2023-05-06T16:48:36 IST" name="test_LoginDDT" data-provider="LoginData" finished-at="2023-05-06T16:48:37 IST" duration-ms="749" status="PASS">
          <params>
            <param index="0">
              <value>
                <![CDATA[kshiv1105@gmail.com]]>
              </value>
            </param>
            <param index="1">
              <value>
                <![CDATA[Test@123]]>
              </value>
            </param>
            <param index="2">
              <value>
                <![CDATA[Valid]]>
              </value>
            </param>
          </params>
          <reporter-output>
          </reporter-output>
        </test-method> <!-- test_LoginDDT -->
        <test-method is-config="true" signature="tearDown()[pri:0, instance:testCases.TC_003_LoginDDT@323b36e0]" started-at="2023-05-06T16:48:37 IST" name="tearDown" finished-at="2023-05-06T16:48:37 IST" duration-ms="104" status="PASS">
          <reporter-output>
          </reporter-output>
        </test-method> <!-- tearDown -->
      </class> <!-- testCases.TC_003_LoginDDT -->
    </test> <!-- Test -->
  </suite> <!-- Suite -->
</testng-results>
